[2023-01-28T14:35:30.543] [ERROR] default - Hubo un error conectandose a la base MongooseError: The `uri` parameter to `openUri()` must be a string, got "object". Make sure the first parameter to `mongoose.connect()` or `mongoose.createConnection()` is a string.
[2023-01-28T14:35:45.224] [ERROR] default - Hubo un error conectandose a la base MongooseError: The `uri` parameter to `openUri()` must be a string, got "object". Make sure the first parameter to `mongoose.connect()` or `mongoose.createConnection()` is a string.
[2023-01-28T14:36:41.742] [ERROR] default - Hubo un error conectandose a la base MongooseError: The `uri` parameter to `openUri()` must be a string, got "object". Make sure the first parameter to `mongoose.connect()` or `mongoose.createConnection()` is a string.
[2023-01-31T17:31:34.079] [ERROR] default - No se encontró el usuario con el username mgposse@gmail.com
[2023-01-31T18:18:55.283] [WARN] default - Se intentó acceder a una ruta inexistente
[2023-01-31T18:19:02.418] [WARN] default - Se intentó acceder a una ruta inexistente
[2023-01-31T18:20:07.972] [WARN] default - Se intentó acceder a una ruta inexistente
[2023-01-31T18:20:29.753] [WARN] default - Se intentó acceder a una ruta inexistente
[2023-01-31T18:20:29.875] [WARN] default - Se intentó acceder a una ruta inexistente
[2023-01-31T18:20:32.308] [WARN] default - Se intentó acceder a una ruta inexistente
[2023-01-31T18:20:38.853] [WARN] default - Se intentó acceder a una ruta inexistente
[2023-01-31T18:20:39.107] [WARN] default - Se intentó acceder a una ruta inexistente
[2023-01-31T18:20:40.650] [WARN] default - Se intentó acceder a una ruta inexistente
[2023-01-31T18:20:40.936] [WARN] default - Se intentó acceder a una ruta inexistente
[2023-01-31T18:20:41.984] [WARN] default - Se intentó acceder a una ruta inexistente
[2023-01-31T18:20:42.227] [WARN] default - Se intentó acceder a una ruta inexistente
[2023-01-31T18:20:46.703] [WARN] default - Se intentó acceder a una ruta inexistente
[2023-01-31T18:20:46.937] [WARN] default - Se intentó acceder a una ruta inexistente
[2023-01-31T18:20:55.920] [WARN] default - Se intentó acceder a una ruta inexistente
[2023-01-31T18:20:56.157] [WARN] default - Se intentó acceder a una ruta inexistente
[2023-01-31T18:20:57.986] [WARN] default - Se intentó acceder a una ruta inexistente
[2023-01-31T18:21:01.134] [WARN] default - Se intentó acceder a una ruta inexistente
[2023-01-31T18:21:01.849] [WARN] default - Se intentó acceder a una ruta inexistente
[2023-01-31T18:21:02.105] [WARN] default - Se intentó acceder a una ruta inexistente
[2023-01-31T18:22:08.802] [WARN] default - Se intentó acceder a una ruta inexistente
[2023-01-31T18:28:10.549] [WARN] default - Se intentó acceder a una ruta inexistente
[2023-01-31T18:28:48.377] [WARN] default - Se intentó acceder a una ruta inexistente
[2023-01-31T18:29:05.488] [WARN] default - Se intentó acceder a una ruta inexistente
[2023-01-31T18:29:12.500] [WARN] default - Se intentó acceder a una ruta inexistente
[2023-01-31T18:30:21.237] [WARN] default - Se intentó acceder a una ruta inexistente
[2023-01-31T18:30:34.972] [WARN] default - Se intentó acceder a una ruta inexistente
[2023-01-31T18:30:57.658] [WARN] default - Se intentó acceder a una ruta inexistente
[2023-01-31T18:33:26.983] [WARN] default - Se intentó acceder a una ruta inexistente
[2023-01-31T18:33:29.571] [WARN] default - Se intentó acceder a una ruta inexistente
[2023-01-31T18:33:30.350] [WARN] default - Se intentó acceder a una ruta inexistente
[2023-01-31T18:33:31.050] [WARN] default - Se intentó acceder a una ruta inexistente
[2023-01-31T18:33:31.529] [WARN] default - Se intentó acceder a una ruta inexistente
[2023-01-31T19:07:30.961] [WARN] default - Se intentó acceder a una ruta inexistente
[2023-01-31T19:07:31.124] [WARN] default - Se intentó acceder a una ruta inexistente
[2023-01-31T19:07:34.318] [WARN] default - Se intentó acceder a una ruta inexistente
[2023-01-31T19:07:34.425] [WARN] default - Se intentó acceder a una ruta inexistente
[2023-01-31T19:07:34.543] [WARN] default - Se intentó acceder a una ruta inexistente
[2023-01-31T19:07:35.410] [WARN] default - Se intentó acceder a una ruta inexistente
[2023-01-31T19:07:35.518] [WARN] default - Se intentó acceder a una ruta inexistente
[2023-01-31T19:07:35.641] [WARN] default - Se intentó acceder a una ruta inexistente
[2023-01-31T19:07:36.030] [WARN] default - Se intentó acceder a una ruta inexistente
[2023-01-31T19:07:36.134] [WARN] default - Se intentó acceder a una ruta inexistente
[2023-01-31T19:07:36.252] [WARN] default - Se intentó acceder a una ruta inexistente
[2023-01-31T19:07:36.554] [WARN] default - Se intentó acceder a una ruta inexistente
[2023-01-31T19:07:36.669] [WARN] default - Se intentó acceder a una ruta inexistente
[2023-01-31T19:07:36.788] [WARN] default - Se intentó acceder a una ruta inexistente
[2023-01-31T19:07:37.447] [WARN] default - Se intentó acceder a una ruta inexistente
[2023-01-31T19:07:37.550] [WARN] default - Se intentó acceder a una ruta inexistente
[2023-01-31T19:07:37.672] [WARN] default - Se intentó acceder a una ruta inexistente
[2023-01-31T19:07:38.601] [WARN] default - Se intentó acceder a una ruta inexistente
[2023-01-31T19:07:38.705] [WARN] default - Se intentó acceder a una ruta inexistente
[2023-01-31T19:07:38.833] [WARN] default - Se intentó acceder a una ruta inexistente
[2023-01-31T19:07:39.403] [WARN] default - Se intentó acceder a una ruta inexistente
[2023-01-31T19:07:39.516] [WARN] default - Se intentó acceder a una ruta inexistente
[2023-01-31T19:07:39.646] [WARN] default - Se intentó acceder a una ruta inexistente
[2023-01-31T19:07:40.229] [WARN] default - Se intentó acceder a una ruta inexistente
[2023-01-31T19:07:40.333] [WARN] default - Se intentó acceder a una ruta inexistente
[2023-01-31T19:07:40.465] [WARN] default - Se intentó acceder a una ruta inexistente
[2023-01-31T19:07:41.354] [WARN] default - Se intentó acceder a una ruta inexistente
[2023-01-31T19:07:41.460] [WARN] default - Se intentó acceder a una ruta inexistente
[2023-01-31T19:07:41.571] [WARN] default - Se intentó acceder a una ruta inexistente
[2023-01-31T19:07:43.069] [WARN] default - Se intentó acceder a una ruta inexistente
[2023-01-31T19:07:43.168] [WARN] default - Se intentó acceder a una ruta inexistente
[2023-01-31T19:07:43.293] [WARN] default - Se intentó acceder a una ruta inexistente
[2023-01-31T19:07:44.255] [WARN] default - Se intentó acceder a una ruta inexistente
[2023-01-31T19:07:44.360] [WARN] default - Se intentó acceder a una ruta inexistente
[2023-01-31T19:07:44.478] [WARN] default - Se intentó acceder a una ruta inexistente
[2023-01-31T19:08:47.968] [WARN] default - Se intentó acceder a una ruta inexistente
[2023-01-31T19:08:48.114] [WARN] default - Se intentó acceder a una ruta inexistente
[2023-01-31T19:08:49.309] [WARN] default - Se intentó acceder a una ruta inexistente
[2023-01-31T19:08:49.419] [WARN] default - Se intentó acceder a una ruta inexistente
[2023-01-31T19:08:49.550] [WARN] default - Se intentó acceder a una ruta inexistente
[2023-01-31T19:08:50.224] [WARN] default - Se intentó acceder a una ruta inexistente
[2023-01-31T19:08:50.363] [WARN] default - Se intentó acceder a una ruta inexistente
[2023-01-31T19:08:50.486] [WARN] default - Se intentó acceder a una ruta inexistente
[2023-01-31T19:08:51.073] [WARN] default - Se intentó acceder a una ruta inexistente
[2023-01-31T19:08:51.182] [WARN] default - Se intentó acceder a una ruta inexistente
[2023-01-31T19:08:51.300] [WARN] default - Se intentó acceder a una ruta inexistente
[2023-01-31T19:08:58.251] [WARN] default - Se intentó acceder a una ruta inexistente
[2023-01-31T19:08:58.389] [WARN] default - Se intentó acceder a una ruta inexistente
[2023-01-31T19:08:58.520] [WARN] default - Se intentó acceder a una ruta inexistente
[2023-01-31T19:08:59.012] [WARN] default - Se intentó acceder a una ruta inexistente
[2023-01-31T19:08:59.128] [WARN] default - Se intentó acceder a una ruta inexistente
[2023-01-31T19:08:59.252] [WARN] default - Se intentó acceder a una ruta inexistente
[2023-01-31T19:09:00.027] [WARN] default - Se intentó acceder a una ruta inexistente
[2023-01-31T19:09:00.135] [WARN] default - Se intentó acceder a una ruta inexistente
[2023-01-31T19:09:00.286] [WARN] default - Se intentó acceder a una ruta inexistente
[2023-01-31T19:09:47.735] [WARN] default - Se intentó acceder a una ruta inexistente
[2023-01-31T19:09:47.870] [WARN] default - Se intentó acceder a una ruta inexistente
[2023-01-31T19:10:22.166] [WARN] default - Se intentó acceder a una ruta inexistente
[2023-01-31T19:10:22.352] [WARN] default - Se intentó acceder a una ruta inexistente
[2023-01-31T19:10:24.508] [WARN] default - Se intentó acceder a una ruta inexistente
[2023-01-31T19:10:24.623] [WARN] default - Se intentó acceder a una ruta inexistente
[2023-01-31T19:10:24.762] [WARN] default - Se intentó acceder a una ruta inexistente
[2023-01-31T19:10:25.798] [WARN] default - Se intentó acceder a una ruta inexistente
[2023-01-31T19:10:25.909] [WARN] default - Se intentó acceder a una ruta inexistente
[2023-01-31T19:10:26.093] [WARN] default - Se intentó acceder a una ruta inexistente
[2023-01-31T19:10:26.642] [WARN] default - Se intentó acceder a una ruta inexistente
[2023-01-31T19:10:26.757] [WARN] default - Se intentó acceder a una ruta inexistente
[2023-01-31T19:10:26.888] [WARN] default - Se intentó acceder a una ruta inexistente
[2023-01-31T19:10:27.479] [WARN] default - Se intentó acceder a una ruta inexistente
[2023-01-31T19:10:27.590] [WARN] default - Se intentó acceder a una ruta inexistente
[2023-01-31T19:10:27.710] [WARN] default - Se intentó acceder a una ruta inexistente
[2023-01-31T19:10:28.078] [WARN] default - Se intentó acceder a una ruta inexistente
[2023-01-31T19:10:28.185] [WARN] default - Se intentó acceder a una ruta inexistente
[2023-01-31T19:10:28.303] [WARN] default - Se intentó acceder a una ruta inexistente
[2023-01-31T19:10:28.913] [WARN] default - Se intentó acceder a una ruta inexistente
[2023-01-31T19:10:30.089] [WARN] default - Se intentó acceder a una ruta inexistente
[2023-01-31T19:10:30.203] [WARN] default - Se intentó acceder a una ruta inexistente
[2023-01-31T19:10:30.349] [WARN] default - Se intentó acceder a una ruta inexistente
[2023-01-31T19:10:31.065] [WARN] default - Se intentó acceder a una ruta inexistente
[2023-01-31T19:10:31.174] [WARN] default - Se intentó acceder a una ruta inexistente
[2023-01-31T19:10:31.312] [WARN] default - Se intentó acceder a una ruta inexistente
[2023-01-31T19:10:31.575] [WARN] default - Se intentó acceder a una ruta inexistente
[2023-01-31T19:10:31.683] [WARN] default - Se intentó acceder a una ruta inexistente
[2023-01-31T19:10:31.814] [WARN] default - Se intentó acceder a una ruta inexistente
[2023-01-31T19:10:32.009] [WARN] default - Se intentó acceder a una ruta inexistente
[2023-01-31T19:10:32.117] [WARN] default - Se intentó acceder a una ruta inexistente
[2023-01-31T19:10:32.243] [WARN] default - Se intentó acceder a una ruta inexistente
[2023-01-31T19:11:33.822] [WARN] default - Se intentó acceder a una ruta inexistente
[2023-01-31T19:11:39.885] [WARN] default - Se intentó acceder a una ruta inexistente
[2023-01-31T19:11:40.125] [WARN] default - Se intentó acceder a una ruta inexistente
[2023-01-31T19:11:40.915] [WARN] default - Se intentó acceder a una ruta inexistente
[2023-01-31T19:11:41.157] [WARN] default - Se intentó acceder a una ruta inexistente
[2023-01-31T19:11:41.682] [WARN] default - Se intentó acceder a una ruta inexistente
[2023-01-31T19:11:41.922] [WARN] default - Se intentó acceder a una ruta inexistente
[2023-01-31T19:11:42.659] [WARN] default - Se intentó acceder a una ruta inexistente
[2023-01-31T19:11:42.904] [WARN] default - Se intentó acceder a una ruta inexistente
[2023-01-31T19:11:43.507] [WARN] default - Se intentó acceder a una ruta inexistente
[2023-01-31T19:11:43.742] [WARN] default - Se intentó acceder a una ruta inexistente
[2023-01-31T19:11:45.568] [WARN] default - Se intentó acceder a una ruta inexistente
[2023-01-31T19:11:45.807] [WARN] default - Se intentó acceder a una ruta inexistente
[2023-01-31T19:11:46.249] [WARN] default - Se intentó acceder a una ruta inexistente
[2023-01-31T19:11:46.490] [WARN] default - Se intentó acceder a una ruta inexistente
[2023-02-01T20:34:48.007] [WARN] default - Se intentó acceder a una ruta inexistente
[2023-02-01T20:35:06.907] [WARN] default - Se intentó acceder a una ruta inexistente
[2023-02-01T20:35:35.125] [WARN] default - Se intentó acceder a una ruta inexistente
[2023-02-01T20:35:47.366] [WARN] default - Se intentó acceder a una ruta inexistente
[2023-02-01T20:36:05.335] [WARN] default - Se intentó acceder a una ruta inexistente
[2023-02-01T20:36:45.422] [WARN] default - Se intentó acceder a una ruta inexistente
[2023-02-01T20:37:44.239] [WARN] default - Se intentó acceder a una ruta inexistente
[2023-02-01T20:38:48.985] [WARN] default - Se intentó acceder a una ruta inexistente
[2023-02-01T20:43:26.072] [WARN] default - Se intentó acceder a una ruta inexistente
[2023-02-01T20:44:37.209] [WARN] default - Se intentó acceder a una ruta inexistente
[2023-02-01T20:46:29.302] [WARN] default - Se intentó acceder a una ruta inexistente
[2023-02-01T21:27:56.217] [WARN] default - Se intentó acceder a una ruta inexistente
[2023-02-01T21:30:09.854] [WARN] default - Se intentó acceder a una ruta inexistente
[2023-02-01T21:30:09.868] [WARN] default - Se intentó acceder a una ruta inexistente
[2023-02-01T21:30:17.789] [WARN] default - Se intentó acceder a una ruta inexistente
[2023-02-01T21:30:17.809] [WARN] default - Se intentó acceder a una ruta inexistente
[2023-02-01T21:30:55.378] [WARN] default - Se intentó acceder a una ruta inexistente
[2023-02-01T21:30:55.398] [WARN] default - Se intentó acceder a una ruta inexistente
[2023-02-01T21:32:34.357] [WARN] default - Se intentó acceder a una ruta inexistente
[2023-02-01T21:32:34.379] [WARN] default - Se intentó acceder a una ruta inexistente
[2023-02-01T21:33:21.134] [WARN] default - Se intentó acceder a una ruta inexistente
[2023-02-01T21:33:21.158] [WARN] default - Se intentó acceder a una ruta inexistente
[2023-02-01T21:33:29.639] [WARN] default - Se intentó acceder a una ruta inexistente
[2023-02-01T21:33:29.681] [WARN] default - Se intentó acceder a una ruta inexistente
[2023-02-01T21:35:25.037] [WARN] default - Se intentó acceder a una ruta inexistente
[2023-02-01T21:35:43.941] [WARN] default - Se intentó acceder a una ruta inexistente
[2023-02-01T21:37:20.676] [WARN] default - Se intentó acceder a una ruta inexistente
[2023-02-01T21:43:55.854] [WARN] default - Se intentó acceder a una ruta inexistente
[2023-02-01T21:46:25.752] [WARN] default - Se intentó acceder a una ruta inexistente
[2023-02-01T21:58:23.799] [WARN] default - Se intentó acceder a una ruta inexistente
[2023-02-01T21:59:02.419] [WARN] default - Se intentó acceder a una ruta inexistente
[2023-02-01T21:59:09.352] [WARN] default - Se intentó acceder a una ruta inexistente
[2023-02-01T22:00:01.963] [WARN] default - Se intentó acceder a una ruta inexistente
[2023-02-01T22:00:01.978] [WARN] default - Se intentó acceder a una ruta inexistente
[2023-02-01T22:01:05.433] [WARN] default - Se intentó acceder a una ruta inexistente
[2023-02-01T22:01:05.439] [WARN] default - Se intentó acceder a una ruta inexistente
[2023-02-01T22:01:44.533] [WARN] default - Se intentó acceder a una ruta inexistente
[2023-02-01T22:01:44.547] [WARN] default - Se intentó acceder a una ruta inexistente
[2023-02-01T22:04:09.604] [WARN] default - Se intentó acceder a una ruta inexistente
[2023-02-01T22:04:09.615] [WARN] default - Se intentó acceder a una ruta inexistente
[2023-02-01T22:04:52.653] [WARN] default - Se intentó acceder a una ruta inexistente
[2023-02-01T22:04:57.178] [WARN] default - Se intentó acceder a una ruta inexistente
[2023-02-01T22:08:48.485] [WARN] default - Se intentó acceder a una ruta inexistente
[2023-02-07T20:41:30.714] [ERROR] default - Se produjo el error MongooseError: The `uri` parameter to `openUri()` must be a string, got "undefined". Make sure the first parameter to `mongoose.connect()` or `mongoose.createConnection()` is a string.
[2023-02-07T20:41:30.720] [ERROR] default - Se produjo el error MongooseError: The `uri` parameter to `openUri()` must be a string, got "undefined". Make sure the first parameter to `mongoose.connect()` or `mongoose.createConnection()` is a string.
[2023-02-07T20:41:30.726] [ERROR] default - Se produjo el error MongooseError: The `uri` parameter to `openUri()` must be a string, got "undefined". Make sure the first parameter to `mongoose.connect()` or `mongoose.createConnection()` is a string.
[2023-02-07T20:41:49.979] [ERROR] default - Se produjo el error MongooseError: The `uri` parameter to `openUri()` must be a string, got "undefined". Make sure the first parameter to `mongoose.connect()` or `mongoose.createConnection()` is a string.
[2023-02-07T20:41:49.982] [ERROR] default - Se produjo el error MongooseError: The `uri` parameter to `openUri()` must be a string, got "undefined". Make sure the first parameter to `mongoose.connect()` or `mongoose.createConnection()` is a string.
[2023-02-07T20:41:49.988] [ERROR] default - Se produjo el error MongooseError: The `uri` parameter to `openUri()` must be a string, got "undefined". Make sure the first parameter to `mongoose.connect()` or `mongoose.createConnection()` is a string.
[2023-02-07T21:52:55.764] [ERROR] default - Error al consultar los usuarios ReferenceError: data is not defined
[2023-02-14T18:18:17.807] [ERROR] default - Error al buscar los usuarios ReferenceError: json is not defined
[2023-02-18T11:35:16.902] [ERROR] default - Error al eliminar todos los productos ReferenceError: ProductManager is not defined
[2023-02-18T11:36:26.382] [ERROR] default - Error al eliminar todos los productos ReferenceError: result is not defined
[2023-02-18T11:46:21.314] [ERROR] default - Error al eliminar todos los productos ReferenceError: result is not defined
[2023-02-18T11:48:21.747] [ERROR] default - Error al eliminar todos los productos ReferenceError: result is not defined
[2023-02-18T11:49:10.474] [ERROR] default - Error al eliminar todos los productos Error [ERR_HTTP_HEADERS_SENT]: Cannot set headers after they are sent to the client
[2023-02-18T11:51:00.349] [ERROR] default - Error al eliminar todos los productos Error [ERR_HTTP_HEADERS_SENT]: Cannot set headers after they are sent to the client
[2023-02-18T11:51:35.461] [ERROR] default - Error al eliminar todos los productos Error [ERR_HTTP_HEADERS_SENT]: Cannot set headers after they are sent to the client
[2023-02-18T11:54:48.127] [ERROR] default - Error al eliminar todos los productos Error [ERR_HTTP_HEADERS_SENT]: Cannot set headers after they are sent to the client
[2023-02-18T11:57:03.089] [ERROR] default - Error al eliminar todos los productos Error [ERR_HTTP_HEADERS_SENT]: Cannot set headers after they are sent to the client
[2023-02-18T11:57:03.354] [ERROR] default - Error al eliminar producto Error: Error al borrar: no se encontró el id 63
[2023-02-18T11:58:12.855] [ERROR] default - Error al eliminar todos los productos Error [ERR_HTTP_HEADERS_SENT]: Cannot set headers after they are sent to the client
[2023-02-18T11:58:13.124] [ERROR] default - Error al eliminar producto Error: Error al borrar: no se encontró el id 63
[2023-02-18T11:59:42.281] [ERROR] default - Error al eliminar todos los productos Error [ERR_HTTP_HEADERS_SENT]: Cannot set headers after they are sent to the client
[2023-02-18T11:59:42.566] [ERROR] default - Error al eliminar producto Error: Error al borrar: no se encontró el id 63
[2023-02-18T12:02:19.165] [ERROR] default - Error al eliminar todos los productos Error [ERR_HTTP_HEADERS_SENT]: Cannot set headers after they are sent to the client
[2023-02-18T12:02:19.493] [ERROR] default - Error al eliminar producto Error [ERR_HTTP_HEADERS_SENT]: Cannot set headers after they are sent to the client
[2023-02-18T12:03:04.349] [ERROR] default - Error al eliminar todos los productos Error [ERR_HTTP_HEADERS_SENT]: Cannot set headers after they are sent to the client
[2023-02-18T12:03:04.671] [ERROR] default - Error al eliminar producto Error [ERR_HTTP_HEADERS_SENT]: Cannot set headers after they are sent to the client
[2023-03-15T17:52:32.092] [ERROR] default - Error al cargar los productos Error: No default engine was specified and no extension was provided.
[2023-03-15T17:53:22.649] [ERROR] default - Error al cargar los productos Error: No default engine was specified and no extension was provided.
[2023-03-15T17:53:24.794] [ERROR] default - Error al cargar los productos Error: No default engine was specified and no extension was provided.
[2023-03-15T17:53:25.481] [ERROR] default - Error al cargar los productos Error: No default engine was specified and no extension was provided.
[2023-03-15T17:53:26.081] [ERROR] default - Error al cargar los productos Error: No default engine was specified and no extension was provided.
[2023-03-15T17:54:05.750] [ERROR] default - Error al cargar los productos Error: No default engine was specified and no extension was provided.
[2023-03-15T17:58:14.335] [ERROR] default - Error al cargar los productos Error: No default engine was specified and no extension was provided.
[2023-03-15T17:58:16.434] [ERROR] default - Error al cargar los productos Error: No default engine was specified and no extension was provided.
[2023-03-15T17:58:16.865] [ERROR] default - Error al cargar los productos Error: No default engine was specified and no extension was provided.
[2023-03-15T17:58:17.057] [ERROR] default - Error al cargar los productos Error: No default engine was specified and no extension was provided.
[2023-03-15T17:58:17.249] [ERROR] default - Error al cargar los productos Error: No default engine was specified and no extension was provided.
[2023-03-15T17:58:17.449] [ERROR] default - Error al cargar los productos Error: No default engine was specified and no extension was provided.
[2023-03-15T17:58:17.619] [ERROR] default - Error al cargar los productos Error: No default engine was specified and no extension was provided.
[2023-03-15T17:58:17.802] [ERROR] default - Error al cargar los productos Error: No default engine was specified and no extension was provided.
[2023-03-15T17:58:17.992] [ERROR] default - Error al cargar los productos Error: No default engine was specified and no extension was provided.
[2023-03-15T17:58:18.176] [ERROR] default - Error al cargar los productos Error: No default engine was specified and no extension was provided.
[2023-03-15T17:58:18.369] [ERROR] default - Error al cargar los productos Error: No default engine was specified and no extension was provided.
[2023-03-15T17:58:18.555] [ERROR] default - Error al cargar los productos Error: No default engine was specified and no extension was provided.
[2023-03-15T17:58:18.719] [ERROR] default - Error al cargar los productos Error: No default engine was specified and no extension was provided.
[2023-03-15T18:35:19.938] [ERROR] default - Error al cargar los productos TypeError: Cannot read properties of undefined (reading 'json')
[2023-03-31T18:35:46.798] [ERROR] default - Error al actualizar producto Error: Error: Error al actualizar: no se encontró el id 642751878
[2023-03-31T18:37:29.058] [ERROR] default - Error al actualizar producto Error: Error: Error al actualizar: no se encontró el id 642751878
[2023-03-31T18:42:16.764] [ERROR] default - Error al eliminar producto Error [ERR_HTTP_HEADERS_SENT]: Cannot set headers after they are sent to the client
[2023-03-31T18:43:32.835] [ERROR] default - Error al eliminar todos los productos Error [ERR_HTTP_HEADERS_SENT]: Cannot set headers after they are sent to the client
[2023-03-31T21:28:51.962] [ERROR] default - Error: Error: Hubo un error CastError: Cast to ObjectId failed for value "642773" (type number) at path "_id" for model "carritos"
    at getOneCart (file:///C:/Users/smpos/OneDrive/Escritorio/BackEndEntregaFinal/src/services/cartServices.js:26:11)
    at runMicrotasks (<anonymous>)
    at processTicksAndRejections (node:internal/process/task_queues:96:5)
    at async getProductsofCartController (file:///C:/Users/smpos/OneDrive/Escritorio/BackEndEntregaFinal/src/controllers/cartController.js:53:29)
[2023-03-31T21:48:55.776] [ERROR] default - Error al guardar producto en el carrito TypeError: Cannot read properties of undefined (reading 'products')
[2023-03-31T21:50:39.435] [ERROR] default - Error al guardar producto en el carrito TypeError: Cannot read properties of undefined (reading 'products')
[2023-03-31T21:55:25.953] [ERROR] default - Error al guardar producto en el carrito TypeError: Cannot read properties of undefined (reading 'products')
[2023-03-31T21:57:07.601] [ERROR] default - Error al guardar producto en el carrito TypeError: Cannot read properties of undefined (reading 'id')
[2023-03-31T21:57:48.608] [ERROR] default - Error al guardar producto en el carrito Error: Error: Hubo un error CastError: Cast to ObjectId failed for value "{ id: '642773f9b055c7734b36ea9c' }" (type Object) at path "_id" for model "carritos"
[2023-03-31T22:24:32.871] [ERROR] default - Error al actualizar producto TypeError: Cannot read properties of undefined (reading 'push')
[2023-03-31T22:27:59.819] [ERROR] default - Error al actualizar producto ReferenceError: result is not defined
[2023-03-31T22:29:13.333] [ERROR] default - Error al actualizar producto ReferenceError: result is not defined
[2023-03-31T22:45:00.987] [ERROR] default - Error al guardar producto en el carrito TypeError: Cannot read properties of undefined (reading 'products')
[2023-03-31T22:45:51.102] [ERROR] default - Error al guardar producto en el carrito TypeError: Cannot read properties of undefined (reading 'products')
[2023-03-31T22:46:38.021] [ERROR] default - Error al guardar producto en el carrito TypeError: Cannot read properties of undefined (reading 'products')
[2023-03-31T22:46:49.481] [ERROR] default - Error al guardar producto en el carrito TypeError: Cannot read properties of undefined (reading 'id')
[2023-03-31T23:15:21.433] [ERROR] default - Error al eliminar todos los carritos Error [ERR_HTTP_HEADERS_SENT]: Cannot set headers after they are sent to the client
[2023-03-31T23:19:46.225] [ERROR] default - Error al eliminar el producto TypeError: Cannot read properties of undefined (reading 'products')
[2023-04-01T08:22:00.038] [ERROR] default - Hubo un error Error: Authenticate
